<?xml version="1.0" encoding="UTF-8"?>
<!-- Generated by org.testng.reporters.JUnitReportReporter -->
<testsuite skipped="0" hostname="DESKTOP-GNC5L7A" name="allTests.HomePageTest" tests="1" failures="0" timestamp="2020-03-05T16:02:14 EST" time="11.224" errors="0">
  <testcase name="titleValidation" time="11.224" classname="allTests.HomePageTest"/>
  <system-out/>
</testsuite> <!-- allTests.HomePageTest -->
